android/app/build/intermediates/manifest_merge_blame_file/debug/processDebugMainManifest/manifest-merger-blame-debug-report.txt
1<?xml version="1.0" encoding="utf-8"?>
2<manifest xmlns:android="http://schemas.android.com/apk/res/android"
3    package="com.elephantwatch.app"
4    android:versionCode="1"
5    android:versionName="1.0" >
6
7    <uses-sdk
8        android:minSdkVersion="23"
9        android:targetSdkVersion="34" />
10
11    <!-- Internet Permission -->
12    <uses-permission android:name="android.permission.INTERNET" />
12-->src/main/AndroidManifest.xml:6:5-67
12-->src/main/AndroidManifest.xml:6:22-64
13
14    <!-- Camera Permission -->
15    <uses-permission android:name="android.permission.CAMERA" />
15-->src/main/AndroidManifest.xml:9:5-65
15-->src/main/AndroidManifest.xml:9:22-62
16
17    <!-- Location Permissions -->
18    <uses-permission android:name="android.permission.ACCESS_FINE_LOCATION" />
18-->src/main/AndroidManifest.xml:12:5-79
18-->src/main/AndroidManifest.xml:12:22-76
19    <uses-permission android:name="android.permission.ACCESS_COARSE_LOCATION" />
19-->src/main/AndroidManifest.xml:13:5-81
19-->src/main/AndroidManifest.xml:13:22-78
20
21    <!-- Bluetooth Permissions -->
22    <uses-permission android:name="android.permission.BLUETOOTH" />
22-->src/main/AndroidManifest.xml:16:5-68
22-->src/main/AndroidManifest.xml:16:22-65
23    <uses-permission android:name="android.permission.BLUETOOTH_CONNECT" />
23-->src/main/AndroidManifest.xml:17:5-76
23-->src/main/AndroidManifest.xml:17:22-73
24
25    <!-- Device Orientation -->
26    <uses-feature
26-->src/main/AndroidManifest.xml:20:5-98
27        android:name="android.hardware.sensor.accelerometer"
27-->src/main/AndroidManifest.xml:20:19-71
28        android:required="true" />
28-->src/main/AndroidManifest.xml:20:72-95
29    <uses-feature
29-->src/main/AndroidManifest.xml:21:5-92
30        android:name="android.hardware.sensor.compass"
30-->src/main/AndroidManifest.xml:21:19-65
31        android:required="true" />
31-->src/main/AndroidManifest.xml:21:66-89
32
33    <permission
33-->[androidx.core:core:1.9.0] AndroidManifest.xml:22:5-24:47
34        android:name="com.elephantwatch.app.DYNAMIC_RECEIVER_NOT_EXPORTED_PERMISSION"
34-->[androidx.core:core:1.9.0] AndroidManifest.xml:23:9-81
35        android:protectionLevel="signature" />
35-->[androidx.core:core:1.9.0] AndroidManifest.xml:24:9-44
36
37    <uses-permission android:name="com.elephantwatch.app.DYNAMIC_RECEIVER_NOT_EXPORTED_PERMISSION" />
37-->[androidx.core:core:1.9.0] AndroidManifest.xml:26:5-97
37-->[androidx.core:core:1.9.0] AndroidManifest.xml:26:22-94
38
39    <application
39-->src/main/AndroidManifest.xml:23:5-44:19
40        android:name="com.elephantwatch.app.MainApplication"
40-->src/main/AndroidManifest.xml:24:9-40
41        android:allowBackup="true"
41-->src/main/AndroidManifest.xml:25:9-35
42        android:appComponentFactory="androidx.core.app.CoreComponentFactory"
42-->[androidx.core:core:1.9.0] AndroidManifest.xml:28:18-86
43        android:debuggable="true"
44        android:extractNativeLibs="false"
45        android:icon="@mipmap/ic_launcher"
45-->src/main/AndroidManifest.xml:26:9-43
46        android:label="@string/app_name"
46-->src/main/AndroidManifest.xml:27:9-41
47        android:roundIcon="@mipmap/ic_launcher_round"
47-->src/main/AndroidManifest.xml:28:9-54
48        android:supportsRtl="true"
48-->src/main/AndroidManifest.xml:29:9-35
49        android:testOnly="true"
50        android:theme="@style/Theme.ElephantWatch"
50-->src/main/AndroidManifest.xml:30:9-51
51        android:usesCleartextTraffic="true" >
51-->src/main/AndroidManifest.xml:31:9-44
52        <activity
52-->src/main/AndroidManifest.xml:33:9-43:20
53            android:name="com.elephantwatch.app.MainActivity"
53-->src/main/AndroidManifest.xml:34:13-41
54            android:configChanges="keyboard|keyboardHidden|orientation|screenLayout|screenSize|smallestScreenSize|uiMode"
54-->src/main/AndroidManifest.xml:35:13-122
55            android:exported="true"
55-->src/main/AndroidManifest.xml:38:13-36
56            android:launchMode="singleTask"
56-->src/main/AndroidManifest.xml:36:13-44
57            android:windowSoftInputMode="adjustResize" >
57-->src/main/AndroidManifest.xml:37:13-55
58            <intent-filter>
58-->src/main/AndroidManifest.xml:39:13-42:29
59                <action android:name="android.intent.action.MAIN" />
59-->src/main/AndroidManifest.xml:40:17-69
59-->src/main/AndroidManifest.xml:40:25-66
60
61                <category android:name="android.intent.category.LAUNCHER" />
61-->src/main/AndroidManifest.xml:41:17-77
61-->src/main/AndroidManifest.xml:41:27-74
62            </intent-filter>
63        </activity>
64
65        <provider
65-->[androidx.emoji2:emoji2:1.2.0] AndroidManifest.xml:24:9-32:20
66            android:name="androidx.startup.InitializationProvider"
66-->[androidx.emoji2:emoji2:1.2.0] AndroidManifest.xml:25:13-67
67            android:authorities="com.elephantwatch.app.androidx-startup"
67-->[androidx.emoji2:emoji2:1.2.0] AndroidManifest.xml:26:13-68
68            android:exported="false" >
68-->[androidx.emoji2:emoji2:1.2.0] AndroidManifest.xml:27:13-37
69            <meta-data
69-->[androidx.emoji2:emoji2:1.2.0] AndroidManifest.xml:29:13-31:52
70                android:name="androidx.emoji2.text.EmojiCompatInitializer"
70-->[androidx.emoji2:emoji2:1.2.0] AndroidManifest.xml:30:17-75
71                android:value="androidx.startup" />
71-->[androidx.emoji2:emoji2:1.2.0] AndroidManifest.xml:31:17-49
72            <meta-data
72-->[androidx.lifecycle:lifecycle-process:2.4.1] AndroidManifest.xml:31:13-33:52
73                android:name="androidx.lifecycle.ProcessLifecycleInitializer"
73-->[androidx.lifecycle:lifecycle-process:2.4.1] AndroidManifest.xml:32:17-78
74                android:value="androidx.startup" />
74-->[androidx.lifecycle:lifecycle-process:2.4.1] AndroidManifest.xml:33:17-49
75        </provider>
76    </application>
77
78</manifest>